# JRE version: Java(TM) SE Runtime Environment (17.0.10+11) (build 17.0.10+11-LTS-240)
# Java VM: Java HotSpot(TM) 64-Bit Server VM (17.0.10+11-LTS-240, mixed mode, sharing, tiered, compressed oops, compressed class ptrs, g1 gc, windows-amd64)
GC Precious Log:
 CPUs: 4 total, 4 available
 Memory: 7663M
 Large Page Support: Disabled
 NUMA Support: Disabled
 Compressed Oops: Enabled (32-bit)
 Heap Region Size: 1M
 Heap Min Capacity: 8M
 Heap Initial Capacity: 120M
 Heap Max Capacity: 1916M
 Pre-touch: Disabled
 Parallel Workers: 4
 Concurrent Workers: 1
 Concurrent Refinement Workers: 4
 Periodic GC: Disabled
Heap:
 garbage-first heap   total 119808K, used 95315K [0x0000000088400000, 0x0000000100000000)
  region size 1024K, 51 young (52224K), 1 survivors (1024K)
 Metaspace       used 95704K, committed 96512K, reserved 1179648K
  class space    used 11943K, committed 12352K, reserved 1048576K
GC Heap History (20 events):
Event: 1480.864 GC heap before
{Heap before GC invocations=82 (full 6):
 garbage-first heap   total 119808K, used 103461K [0x0000000088400000, 0x0000000100000000)
  region size 1024K, 58 young (59392K), 2 survivors (2048K)
 Metaspace       used 95678K, committed 96512K, reserved 1179648K
  class space    used 11942K, committed 12352K, reserved 1048576K
}
Event: 1480.869 GC heap after
{Heap after GC invocations=83 (full 6):
 garbage-first heap   total 119808K, used 46190K [0x0000000088400000, 0x0000000100000000)
  region size 1024K, 2 young (2048K), 2 survivors (2048K)
 Metaspace       used 95678K, committed 96512K, reserved 1179648K
  class space    used 11942K, committed 12352K, reserved 1048576K
}
Event: 1499.264 GC heap before
{Heap before GC invocations=83 (full 6):
 garbage-first heap   total 119808K, used 103534K [0x0000000088400000, 0x0000000100000000)
  region size 1024K, 58 young (59392K), 2 survivors (2048K)
 Metaspace       used 95693K, committed 96512K, reserved 1179648K
  class space    used 11942K, committed 12352K, reserved 1048576K
}
Event: 1499.269 GC heap after
{Heap after GC invocations=84 (full 6):
 garbage-first heap   total 119808K, used 46190K [0x0000000088400000, 0x0000000100000000)
  region size 1024K, 2 young (2048K), 2 survivors (2048K)
 Metaspace       used 95693K, committed 96512K, reserved 1179648K
  class space    used 11942K, committed 12352K, reserved 1048576K
}
Event: 1509.052 GC heap before
{Heap before GC invocations=84 (full 6):
 garbage-first heap   total 119808K, used 103534K [0x0000000088400000, 0x0000000100000000)
  region size 1024K, 58 young (59392K), 2 survivors (2048K)
 Metaspace       used 95693K, committed 96512K, reserved 1179648K
  class space    used 11942K, committed 12352K, reserved 1048576K
}
Event: 1509.056 GC heap after
{Heap after GC invocations=85 (full 6):
 garbage-first heap   total 119808K, used 46220K [0x0000000088400000, 0x0000000100000000)
  region size 1024K, 2 young (2048K), 2 survivors (2048K)
 Metaspace       used 95693K, committed 96512K, reserved 1179648K
  class space    used 11942K, committed 12352K, reserved 1048576K
}
Event: 1520.821 GC heap before
{Heap before GC invocations=85 (full 6):
 garbage-first heap   total 119808K, used 103564K [0x0000000088400000, 0x0000000100000000)
  region size 1024K, 58 young (59392K), 2 survivors (2048K)
 Metaspace       used 95694K, committed 96512K, reserved 1179648K
  class space    used 11942K, committed 12352K, reserved 1048576K
}
Event: 1520.825 GC heap after
{Heap after GC invocations=86 (full 6):
 garbage-first heap   total 119808K, used 46163K [0x0000000088400000, 0x0000000100000000)
  region size 1024K, 2 young (2048K), 2 survivors (2048K)
 Metaspace       used 95694K, committed 96512K, reserved 1179648K
  class space    used 11942K, committed 12352K, reserved 1048576K
}
Event: 1536.365 GC heap before
{Heap before GC invocations=86 (full 6):
 garbage-first heap   total 119808K, used 103507K [0x0000000088400000, 0x0000000100000000)
  region size 1024K, 58 young (59392K), 2 survivors (2048K)
 Metaspace       used 95700K, committed 96512K, reserved 1179648K
  class space    used 11943K, committed 12352K, reserved 1048576K
}
Event: 1536.377 GC heap after
{Heap after GC invocations=87 (full 6):
 garbage-first heap   total 119808K, used 46125K [0x0000000088400000, 0x0000000100000000)
  region size 1024K, 1 young (1024K), 1 survivors (1024K)
 Metaspace       used 95700K, committed 96512K, reserved 1179648K
  class space    used 11943K, committed 12352K, reserved 1048576K
}
Event: 1541.178 GC heap before
{Heap before GC invocations=87 (full 6):
 garbage-first heap   total 119808K, used 103469K [0x0000000088400000, 0x0000000100000000)
  region size 1024K, 58 young (59392K), 1 survivors (1024K)
 Metaspace       used 95701K, committed 96512K, reserved 1179648K
  class space    used 11943K, committed 12352K, reserved 1048576K
}
Event: 1541.185 GC heap after
{Heap after GC invocations=88 (full 6):
 garbage-first heap   total 119808K, used 46167K [0x0000000088400000, 0x0000000100000000)
  region size 1024K, 1 young (1024K), 1 survivors (1024K)
 Metaspace       used 95701K, committed 96512K, reserved 1179648K
  class space    used 11943K, committed 12352K, reserved 1048576K
}
Event: 1545.728 GC heap before
{Heap before GC invocations=88 (full 6):
 garbage-first heap   total 119808K, used 104535K [0x0000000088400000, 0x0000000100000000)
  region size 1024K, 58 young (59392K), 1 survivors (1024K)
 Metaspace       used 95702K, committed 96512K, reserved 1179648K
  class space    used 11943K, committed 12352K, reserved 1048576K
}
Event: 1545.731 GC heap after
{Heap after GC invocations=89 (full 6):
 garbage-first heap   total 119808K, used 46240K [0x0000000088400000, 0x0000000100000000)
  region size 1024K, 1 young (1024K), 1 survivors (1024K)
 Metaspace       used 95702K, committed 96512K, reserved 1179648K
  class space    used 11943K, committed 12352K, reserved 1048576K
}
Event: 1549.405 GC heap before
{Heap before GC invocations=89 (full 6):
 garbage-first heap   total 119808K, used 104608K [0x0000000088400000, 0x0000000100000000)
  region size 1024K, 58 young (59392K), 1 survivors (1024K)
 Metaspace       used 95703K, committed 96512K, reserved 1179648K
  class space    used 11943K, committed 12352K, reserved 1048576K
}
Event: 1549.410 GC heap after
{Heap after GC invocations=90 (full 6):
 garbage-first heap   total 119808K, used 46159K [0x0000000088400000, 0x0000000100000000)
  region size 1024K, 1 young (1024K), 1 survivors (1024K)
 Metaspace       used 95703K, committed 96512K, reserved 1179648K
  class space    used 11943K, committed 12352K, reserved 1048576K
}
Event: 1553.845 GC heap before
{Heap before GC invocations=90 (full 6):
 garbage-first heap   total 119808K, used 104527K [0x0000000088400000, 0x0000000100000000)
  region size 1024K, 58 young (59392K), 1 survivors (1024K)
 Metaspace       used 95703K, committed 96512K, reserved 1179648K
  class space    used 11943K, committed 12352K, reserved 1048576K
}
Event: 1553.847 GC heap after
{Heap after GC invocations=91 (full 6):
 garbage-first heap   total 119808K, used 46176K [0x0000000088400000, 0x0000000100000000)
  region size 1024K, 1 young (1024K), 1 survivors (1024K)
 Metaspace       used 95703K, committed 96512K, reserved 1179648K
  class space    used 11943K, committed 12352K, reserved 1048576K
}
Event: 1561.951 GC heap before
{Heap before GC invocations=91 (full 6):
 garbage-first heap   total 119808K, used 104544K [0x0000000088400000, 0x0000000100000000)
  region size 1024K, 58 young (59392K), 1 survivors (1024K)
 Metaspace       used 95704K, committed 96512K, reserved 1179648K
  class space    used 11943K, committed 12352K, reserved 1048576K
}
Event: 1561.955 GC heap after
{Heap after GC invocations=92 (full 6):
 garbage-first heap   total 119808K, used 46163K [0x0000000088400000, 0x0000000100000000)
  region size 1024K, 1 young (1024K), 1 survivors (1024K)
 Metaspace       used 95704K, committed 96512K, reserved 1179648K
  class space    used 11943K, committed 12352K, reserved 1048576K
}

