# JRE version: Java(TM) SE Runtime Environment (17.0.10+11) (build 17.0.10+11-LTS-240)
# Java VM: Java HotSpot(TM) 64-Bit Server VM (17.0.10+11-LTS-240, mixed mode, sharing, tiered, compressed oops, compressed class ptrs, g1 gc, windows-amd64)
GC Precious Log:
 CPUs: 4 total, 4 available
 Memory: 7663M
 Large Page Support: Disabled
 NUMA Support: Disabled
 Compressed Oops: Enabled (32-bit)
 Heap Region Size: 1M
 Heap Min Capacity: 8M
 Heap Initial Capacity: 120M
 Heap Max Capacity: 1916M
 Pre-touch: Disabled
 Parallel Workers: 4
 Concurrent Workers: 1
 Concurrent Refinement Workers: 4
 Periodic GC: Disabled
Heap:
 garbage-first heap   total 97280K, used 57316K [0x0000000088400000, 0x0000000100000000)
  region size 1024K, 19 young (19456K), 3 survivors (3072K)
 Metaspace       used 82829K, committed 83392K, reserved 1179648K
  class space    used 10960K, committed 11264K, reserved 1048576K
GC Heap History (20 events):
Event: 53.847 GC heap before
{Heap before GC invocations=32 (full 0):
 garbage-first heap   total 97280K, used 77744K [0x0000000088400000, 0x0000000100000000)
  region size 1024K, 38 young (38912K), 3 survivors (3072K)
 Metaspace       used 82528K, committed 83136K, reserved 1179648K
  class space    used 10956K, committed 11264K, reserved 1048576K
}
Event: 53.855 GC heap after
{Heap after GC invocations=33 (full 0):
 garbage-first heap   total 97280K, used 41899K [0x0000000088400000, 0x0000000100000000)
  region size 1024K, 3 young (3072K), 3 survivors (3072K)
 Metaspace       used 82528K, committed 83136K, reserved 1179648K
  class space    used 10956K, committed 11264K, reserved 1048576K
}
Event: 60.164 GC heap before
{Heap before GC invocations=33 (full 0):
 garbage-first heap   total 97280K, used 79787K [0x0000000088400000, 0x0000000100000000)
  region size 1024K, 40 young (40960K), 3 survivors (3072K)
 Metaspace       used 82558K, committed 83200K, reserved 1179648K
  class space    used 10957K, committed 11264K, reserved 1048576K
}
Event: 60.171 GC heap after
{Heap after GC invocations=34 (full 0):
 garbage-first heap   total 97280K, used 42011K [0x0000000088400000, 0x0000000100000000)
  region size 1024K, 3 young (3072K), 3 survivors (3072K)
 Metaspace       used 82558K, committed 83200K, reserved 1179648K
  class space    used 10957K, committed 11264K, reserved 1048576K
}
Event: 64.809 GC heap before
{Heap before GC invocations=34 (full 0):
 garbage-first heap   total 97280K, used 80923K [0x0000000088400000, 0x0000000100000000)
  region size 1024K, 41 young (41984K), 3 survivors (3072K)
 Metaspace       used 82582K, committed 83200K, reserved 1179648K
  class space    used 10957K, committed 11264K, reserved 1048576K
}
Event: 64.817 GC heap after
{Heap after GC invocations=35 (full 0):
 garbage-first heap   total 97280K, used 41919K [0x0000000088400000, 0x0000000100000000)
  region size 1024K, 3 young (3072K), 3 survivors (3072K)
 Metaspace       used 82582K, committed 83200K, reserved 1179648K
  class space    used 10957K, committed 11264K, reserved 1048576K
}
Event: 70.830 GC heap before
{Heap before GC invocations=35 (full 0):
 garbage-first heap   total 97280K, used 79807K [0x0000000088400000, 0x0000000100000000)
  region size 1024K, 41 young (41984K), 3 survivors (3072K)
 Metaspace       used 82607K, committed 83200K, reserved 1179648K
  class space    used 10957K, committed 11264K, reserved 1048576K
}
Event: 70.837 GC heap after
{Heap after GC invocations=36 (full 0):
 garbage-first heap   total 97280K, used 42037K [0x0000000088400000, 0x0000000100000000)
  region size 1024K, 3 young (3072K), 3 survivors (3072K)
 Metaspace       used 82607K, committed 83200K, reserved 1179648K
  class space    used 10957K, committed 11264K, reserved 1048576K
}
Event: 80.151 GC heap before
{Heap before GC invocations=36 (full 0):
 garbage-first heap   total 97280K, used 81973K [0x0000000088400000, 0x0000000100000000)
  region size 1024K, 42 young (43008K), 3 survivors (3072K)
 Metaspace       used 82670K, committed 83264K, reserved 1179648K
  class space    used 10957K, committed 11264K, reserved 1048576K
}
Event: 80.158 GC heap after
{Heap after GC invocations=37 (full 0):
 garbage-first heap   total 97280K, used 41930K [0x0000000088400000, 0x0000000100000000)
  region size 1024K, 3 young (3072K), 3 survivors (3072K)
 Metaspace       used 82670K, committed 83264K, reserved 1179648K
  class space    used 10957K, committed 11264K, reserved 1048576K
}
Event: 86.100 GC heap before
{Heap before GC invocations=37 (full 0):
 garbage-first heap   total 97280K, used 82890K [0x0000000088400000, 0x0000000100000000)
  region size 1024K, 43 young (44032K), 3 survivors (3072K)
 Metaspace       used 82720K, committed 83328K, reserved 1179648K
  class space    used 10958K, committed 11264K, reserved 1048576K
}
Event: 86.109 GC heap after
{Heap after GC invocations=38 (full 0):
 garbage-first heap   total 97280K, used 42044K [0x0000000088400000, 0x0000000100000000)
  region size 1024K, 3 young (3072K), 3 survivors (3072K)
 Metaspace       used 82720K, committed 83328K, reserved 1179648K
  class space    used 10958K, committed 11264K, reserved 1048576K
}
Event: 92.929 GC heap before
{Heap before GC invocations=38 (full 0):
 garbage-first heap   total 97280K, used 83004K [0x0000000088400000, 0x0000000100000000)
  region size 1024K, 43 young (44032K), 3 survivors (3072K)
 Metaspace       used 82785K, committed 83392K, reserved 1179648K
  class space    used 10960K, committed 11264K, reserved 1048576K
}
Event: 92.936 GC heap after
{Heap after GC invocations=39 (full 0):
 garbage-first heap   total 97280K, used 41938K [0x0000000088400000, 0x0000000100000000)
  region size 1024K, 3 young (3072K), 3 survivors (3072K)
 Metaspace       used 82785K, committed 83392K, reserved 1179648K
  class space    used 10960K, committed 11264K, reserved 1048576K
}
Event: 99.861 GC heap before
{Heap before GC invocations=39 (full 0):
 garbage-first heap   total 97280K, used 82898K [0x0000000088400000, 0x0000000100000000)
  region size 1024K, 43 young (44032K), 3 survivors (3072K)
 Metaspace       used 82829K, committed 83392K, reserved 1179648K
  class space    used 10960K, committed 11264K, reserved 1048576K
}
Event: 99.870 GC heap after
{Heap after GC invocations=40 (full 0):
 garbage-first heap   total 97280K, used 41938K [0x0000000088400000, 0x0000000100000000)
  region size 1024K, 3 young (3072K), 3 survivors (3072K)
 Metaspace       used 82829K, committed 83392K, reserved 1179648K
  class space    used 10960K, committed 11264K, reserved 1048576K
}
Event: 113.420 GC heap before
{Heap before GC invocations=40 (full 0):
 garbage-first heap   total 97280K, used 82898K [0x0000000088400000, 0x0000000100000000)
  region size 1024K, 43 young (44032K), 3 survivors (3072K)
 Metaspace       used 82829K, committed 83392K, reserved 1179648K
  class space    used 10960K, committed 11264K, reserved 1048576K
}
Event: 113.428 GC heap after
{Heap after GC invocations=41 (full 0):
 garbage-first heap   total 97280K, used 41943K [0x0000000088400000, 0x0000000100000000)
  region size 1024K, 3 young (3072K), 3 survivors (3072K)
 Metaspace       used 82829K, committed 83392K, reserved 1179648K
  class space    used 10960K, committed 11264K, reserved 1048576K
}
Event: 122.546 GC heap before
{Heap before GC invocations=41 (full 0):
 garbage-first heap   total 97280K, used 82903K [0x0000000088400000, 0x0000000100000000)
  region size 1024K, 43 young (44032K), 3 survivors (3072K)
 Metaspace       used 82829K, committed 83392K, reserved 1179648K
  class space    used 10960K, committed 11264K, reserved 1048576K
}
Event: 122.557 GC heap after
{Heap after GC invocations=42 (full 0):
 garbage-first heap   total 97280K, used 41956K [0x0000000088400000, 0x0000000100000000)
  region size 1024K, 3 young (3072K), 3 survivors (3072K)
 Metaspace       used 82829K, committed 83392K, reserved 1179648K
  class space    used 10960K, committed 11264K, reserved 1048576K
}

